<?xml version="1.0" encoding="UTF-8"?>
<coverage generated="1602872743135" clover="3.2.0">
  <project timestamp="1602872743135" name="All files">
    <metrics statements="50" coveredstatements="50" conditionals="14" coveredconditionals="13" methods="12" coveredmethods="12" elements="76" coveredelements="75" complexity="0" loc="50" ncloc="50" packages="1" files="2" classes="2"/>
    <file name="Mdd.ts" path="/Users/rossypro/sources/ets/log210/github-action-learning-larman-mdd/src/Mdd.ts">
      <metrics statements="35" coveredstatements="35" conditionals="12" coveredconditionals="11" methods="6" coveredmethods="6"/>
      <line num="1" count="1" type="stmt"/>
      <line num="4" count="1" type="stmt"/>
      <line num="6" count="1" type="stmt"/>
      <line num="11" count="6" type="stmt"/>
      <line num="15" count="3" type="stmt"/>
      <line num="16" count="3" type="stmt"/>
      <line num="17" count="3" type="stmt"/>
      <line num="18" count="3" type="stmt"/>
      <line num="19" count="34" type="cond" truecount="2" falsecount="0"/>
      <line num="20" count="13" type="stmt"/>
      <line num="24" count="3" type="stmt"/>
      <line num="28" count="2" type="stmt"/>
      <line num="29" count="2" type="stmt"/>
      <line num="30" count="2" type="stmt"/>
      <line num="31" count="2" type="stmt"/>
      <line num="32" count="24" type="cond" truecount="2" falsecount="0"/>
      <line num="33" count="10" type="cond" truecount="2" falsecount="0"/>
      <line num="34" count="2" type="stmt"/>
      <line num="35" count="5" type="cond" truecount="2" falsecount="0"/>
      <line num="36" count="4" type="stmt"/>
      <line num="43" count="2" type="stmt"/>
      <line num="47" count="1" type="stmt"/>
      <line num="48" count="1" type="stmt"/>
      <line num="49" count="1" type="stmt"/>
      <line num="50" count="1" type="stmt"/>
      <line num="51" count="12" type="cond" truecount="2" falsecount="0"/>
      <line num="53" count="7" type="stmt"/>
      <line num="57" count="1" type="stmt"/>
      <line num="61" count="1" type="stmt"/>
      <line num="62" count="1" type="stmt"/>
      <line num="63" count="1" type="stmt"/>
      <line num="67" count="6" type="cond" truecount="1" falsecount="1"/>
      <line num="68" count="6" type="stmt"/>
      <line num="69" count="6" type="stmt"/>
      <line num="71" count="6" type="stmt"/>
    </file>
    <file name="UseCase.ts" path="/Users/rossypro/sources/ets/log210/github-action-learning-larman-mdd/src/UseCase.ts">
      <metrics statements="15" coveredstatements="15" conditionals="2" coveredconditionals="2" methods="6" coveredmethods="6"/>
      <line num="2" count="1" type="stmt"/>
      <line num="4" count="1" type="stmt"/>
      <line num="5" count="1" type="stmt"/>
      <line num="7" count="1" type="stmt"/>
      <line num="12" count="98" type="stmt"/>
      <line num="16" count="1" type="stmt"/>
      <line num="18" count="98" type="stmt"/>
      <line num="22" count="2" type="stmt"/>
      <line num="24" count="2" type="stmt"/>
      <line num="37" count="2" type="stmt"/>
      <line num="38" count="2" type="stmt"/>
      <line num="39" count="502" type="cond" truecount="2" falsecount="0"/>
      <line num="40" count="462" type="stmt"/>
      <line num="43" count="2" type="stmt"/>
      <line num="51" count="2" type="stmt"/>
    </file>
  </project>
</coverage>
