{"/Users/rossypro/sources/ets/log210/github-action-learning-larman-mdd/src/Mdd.ts": {"path":"/Users/rossypro/sources/ets/log210/github-action-learning-larman-mdd/src/Mdd.ts","statementMap":{"0":{"start":{"line":1,"column":0},"end":{"line":1,"column":34}},"1":{"start":{"line":4,"column":91},"end":{"line":4,"column":117}},"2":{"start":{"line":11,"column":4},"end":{"line":11,"column":29}},"3":{"start":{"line":15,"column":22},"end":{"line":15,"column":44}},"4":{"start":{"line":16,"column":24},"end":{"line":16,"column":26}},"5":{"start":{"line":17,"column":4},"end":{"line":23,"column":null}},"6":{"start":{"line":18,"column":6},"end":{"line":22,"column":null}},"7":{"start":{"line":19,"column":8},"end":{"line":21,"column":null}},"8":{"start":{"line":20,"column":10},"end":{"line":20,"column":29}},"9":{"start":{"line":24,"column":4},"end":{"line":24,"column":17}},"10":{"start":{"line":28,"column":23},"end":{"line":28,"column":45}},"11":{"start":{"line":29,"column":32},"end":{"line":29,"column":34}},"12":{"start":{"line":30,"column":4},"end":{"line":42,"column":null}},"13":{"start":{"line":31,"column":6},"end":{"line":41,"column":null}},"14":{"start":{"line":32,"column":8},"end":{"line":40,"column":null}},"15":{"start":{"line":33,"column":10},"end":{"line":39,"column":null}},"16":{"start":{"line":34,"column":12},"end":{"line":38,"column":null}},"17":{"start":{"line":35,"column":14},"end":{"line":37,"column":null}},"18":{"start":{"line":36,"column":16},"end":{"line":36,"column":67}},"19":{"start":{"line":43,"column":4},"end":{"line":43,"column":23}},"20":{"start":{"line":47,"column":23},"end":{"line":47,"column":45}},"21":{"start":{"line":48,"column":32},"end":{"line":48,"column":34}},"22":{"start":{"line":49,"column":4},"end":{"line":56,"column":null}},"23":{"start":{"line":50,"column":6},"end":{"line":55,"column":null}},"24":{"start":{"line":51,"column":8},"end":{"line":54,"column":null}},"25":{"start":{"line":53,"column":10},"end":{"line":53,"column":52}},"26":{"start":{"line":57,"column":4},"end":{"line":57,"column":23}},"27":{"start":{"line":61,"column":4},"end":{"line":61,"column":36}},"28":{"start":{"line":62,"column":4},"end":{"line":62,"column":40}},"29":{"start":{"line":63,"column":4},"end":{"line":63,"column":18}},"30":{"start":{"line":67,"column":4},"end":{"line":70,"column":null}},"31":{"start":{"line":68,"column":22},"end":{"line":68,"column":58}},"32":{"start":{"line":69,"column":6},"end":{"line":69,"column":null}},"33":{"start":{"line":71,"column":4},"end":{"line":71,"column":21}},"34":{"start":{"line":6,"column":1},"end":{"line":6,"column":14}}},"fnMap":{"0":{"name":"(anonymous_0)","decl":{"start":{"line":10,"column":2},"end":{"line":10,"column":14}},"loc":{"start":{"line":10,"column":30},"end":{"line":12,"column":3}}},"1":{"name":"(anonymous_1)","decl":{"start":{"line":14,"column":9},"end":{"line":14,"column":20}},"loc":{"start":{"line":14,"column":20},"end":{"line":25,"column":3}}},"2":{"name":"(anonymous_2)","decl":{"start":{"line":27,"column":9},"end":{"line":27,"column":25}},"loc":{"start":{"line":27,"column":38},"end":{"line":44,"column":3}}},"3":{"name":"(anonymous_3)","decl":{"start":{"line":46,"column":9},"end":{"line":46,"column":18}},"loc":{"start":{"line":46,"column":18},"end":{"line":58,"column":3}}},"4":{"name":"(anonymous_4)","decl":{"start":{"line":60,"column":9},"end":{"line":60,"column":16}},"loc":{"start":{"line":60,"column":30},"end":{"line":64,"column":3}}},"5":{"name":"(anonymous_5)","decl":{"start":{"line":66,"column":10},"end":{"line":66,"column":25}},"loc":{"start":{"line":66,"column":25},"end":{"line":72,"column":3}}}},"branchMap":{"0":{"loc":{"start":{"line":19,"column":8},"end":{"line":21,"column":null}},"type":"if","locations":[{"start":{"line":19,"column":8},"end":{"line":21,"column":null}},{"start":{"line":19,"column":8},"end":{"line":21,"column":null}}]},"1":{"loc":{"start":{"line":32,"column":8},"end":{"line":40,"column":null}},"type":"if","locations":[{"start":{"line":32,"column":8},"end":{"line":40,"column":null}},{"start":{"line":32,"column":8},"end":{"line":40,"column":null}}]},"2":{"loc":{"start":{"line":33,"column":10},"end":{"line":39,"column":null}},"type":"if","locations":[{"start":{"line":33,"column":10},"end":{"line":39,"column":null}},{"start":{"line":33,"column":10},"end":{"line":39,"column":null}}]},"3":{"loc":{"start":{"line":35,"column":14},"end":{"line":37,"column":null}},"type":"if","locations":[{"start":{"line":35,"column":14},"end":{"line":37,"column":null}},{"start":{"line":35,"column":14},"end":{"line":37,"column":null}}]},"4":{"loc":{"start":{"line":51,"column":8},"end":{"line":54,"column":null}},"type":"if","locations":[{"start":{"line":51,"column":8},"end":{"line":54,"column":null}},{"start":{"line":51,"column":8},"end":{"line":54,"column":null}}]},"5":{"loc":{"start":{"line":67,"column":4},"end":{"line":70,"column":null}},"type":"if","locations":[{"start":{"line":67,"column":4},"end":{"line":70,"column":null}},{"start":{"line":67,"column":4},"end":{"line":70,"column":null}}]}},"s":{"0":1,"1":1,"2":6,"3":3,"4":3,"5":3,"6":3,"7":34,"8":13,"9":3,"10":2,"11":2,"12":2,"13":2,"14":24,"15":10,"16":2,"17":5,"18":4,"19":2,"20":1,"21":1,"22":1,"23":1,"24":12,"25":7,"26":1,"27":1,"28":1,"29":1,"30":6,"31":6,"32":6,"33":6,"34":1},"f":{"0":6,"1":3,"2":2,"3":1,"4":1,"5":6},"b":{"0":[13,21],"1":[10,14],"2":[2,8],"3":[4,1],"4":[7,5],"5":[6,0]}}
,"/Users/rossypro/sources/ets/log210/github-action-learning-larman-mdd/src/UseCase.ts": {"path":"/Users/rossypro/sources/ets/log210/github-action-learning-larman-mdd/src/UseCase.ts","statementMap":{"0":{"start":{"line":2,"column":0},"end":{"line":2,"column":25}},"1":{"start":{"line":4,"column":16},"end":{"line":4,"column":49}},"2":{"start":{"line":5,"column":14},"end":{"line":5,"column":42}},"3":{"start":{"line":51,"column":4},"end":{"line":51,"column":29}},"4":{"start":{"line":12,"column":6},"end":{"line":12,"column":101}},"5":{"start":{"line":12,"column":48},"end":{"line":12,"column":92}},"6":{"start":{"line":16,"column":16},"end":{"line":16,"column":37}},"7":{"start":{"line":18,"column":4},"end":{"line":18,"column":72}},"8":{"start":{"line":18,"column":34},"end":{"line":18,"column":59}},"9":{"start":{"line":22,"column":13},"end":{"line":22,"column":50}},"10":{"start":{"line":24,"column":17},"end":{"line":35,"column":13}},"11":{"start":{"line":37,"column":20},"end":{"line":37,"column":35}},"12":{"start":{"line":38,"column":2},"end":{"line":42,"column":null}},"13":{"start":{"line":39,"column":4},"end":{"line":41,"column":null}},"14":{"start":{"line":40,"column":6},"end":{"line":40,"column":28}},"15":{"start":{"line":43,"column":2},"end":{"line":43,"column":21}},"16":{"start":{"line":7,"column":1},"end":{"line":7,"column":14}}},"fnMap":{"0":{"name":"(anonymous_0)","decl":{"start":{"line":50,"column":2},"end":{"line":50,"column":14}},"loc":{"start":{"line":50,"column":30},"end":{"line":53,"column":3}}},"1":{"name":"(anonymous_1)","decl":{"start":{"line":11,"column":9},"end":{"line":11,"column":20}},"loc":{"start":{"line":11,"column":20},"end":{"line":13,"column":3}}},"2":{"name":"(anonymous_2)","decl":{"start":{"line":12,"column":40},"end":{"line":12,"column":41}},"loc":{"start":{"line":12,"column":48},"end":{"line":12,"column":92}}},"3":{"name":"(anonymous_3)","decl":{"start":{"line":15,"column":9},"end":{"line":15,"column":19}},"loc":{"start":{"line":15,"column":19},"end":{"line":19,"column":2}}},"4":{"name":"(anonymous_4)","decl":{"start":{"line":18,"column":25},"end":{"line":18,"column":30}},"loc":{"start":{"line":18,"column":34},"end":{"line":18,"column":59}}},"5":{"name":"(anonymous_5)","decl":{"start":{"line":21,"column":9},"end":{"line":21,"column":23}},"loc":{"start":{"line":21,"column":23},"end":{"line":44,"column":2}}}},"branchMap":{"0":{"loc":{"start":{"line":39,"column":4},"end":{"line":41,"column":null}},"type":"if","locations":[{"start":{"line":39,"column":4},"end":{"line":41,"column":null}},{"start":{"line":39,"column":4},"end":{"line":41,"column":null}}]}},"s":{"0":1,"1":1,"2":1,"3":2,"4":1,"5":98,"6":1,"7":1,"8":98,"9":2,"10":2,"11":2,"12":2,"13":502,"14":462,"15":2,"16":1},"f":{"0":2,"1":1,"2":98,"3":1,"4":98,"5":2},"b":{"0":[462,40]}}
}
