{"/Users/rossypro/sources/ets/log210/github-action-learning-larman-mdd/src/UseCase.ts": {"path":"/Users/rossypro/sources/ets/log210/github-action-learning-larman-mdd/src/UseCase.ts","statementMap":{"0":{"start":{"line":2,"column":0},"end":{"line":2,"column":25}},"1":{"start":{"line":4,"column":16},"end":{"line":4,"column":49}},"2":{"start":{"line":5,"column":14},"end":{"line":5,"column":42}},"3":{"start":{"line":39,"column":4},"end":{"line":39,"column":29}},"4":{"start":{"line":11,"column":16},"end":{"line":11,"column":53}},"5":{"start":{"line":13,"column":21},"end":{"line":23,"column":17}},"6":{"start":{"line":25,"column":24},"end":{"line":25,"column":39}},"7":{"start":{"line":26,"column":6},"end":{"line":30,"column":null}},"8":{"start":{"line":27,"column":8},"end":{"line":29,"column":null}},"9":{"start":{"line":28,"column":10},"end":{"line":28,"column":72}},"10":{"start":{"line":31,"column":6},"end":{"line":31,"column":29}},"11":{"start":{"line":32,"column":6},"end":{"line":32,"column":35}},"12":{"start":{"line":7,"column":1},"end":{"line":7,"column":14}}},"fnMap":{"0":{"name":"(anonymous_0)","decl":{"start":{"line":38,"column":2},"end":{"line":38,"column":14}},"loc":{"start":{"line":38,"column":30},"end":{"line":41,"column":3}}},"1":{"name":"(anonymous_1)","decl":{"start":{"line":10,"column":9},"end":{"line":10,"column":16}},"loc":{"start":{"line":10,"column":16},"end":{"line":33,"column":3}}}},"branchMap":{"0":{"loc":{"start":{"line":27,"column":8},"end":{"line":29,"column":null}},"type":"if","locations":[{"start":{"line":27,"column":8},"end":{"line":29,"column":null}},{"start":{"line":27,"column":8},"end":{"line":29,"column":null}}]}},"s":{"0":1,"1":1,"2":1,"3":1,"4":1,"5":1,"6":1,"7":1,"8":251,"9":226,"10":1,"11":1,"12":1},"f":{"0":1,"1":1},"b":{"0":[226,25]}}
}
