TN:
SF:src/Mdd.ts
FN:10,(anonymous_0)
FN:14,(anonymous_1)
FN:27,(anonymous_2)
FN:46,(anonymous_3)
FN:60,(anonymous_4)
FN:66,(anonymous_5)
FNF:6
FNH:6
FNDA:6,(anonymous_0)
FNDA:3,(anonymous_1)
FNDA:2,(anonymous_2)
FNDA:1,(anonymous_3)
FNDA:1,(anonymous_4)
FNDA:6,(anonymous_5)
DA:1,1
DA:4,1
DA:6,1
DA:11,6
DA:15,3
DA:16,3
DA:17,3
DA:18,3
DA:19,34
DA:20,13
DA:24,3
DA:28,2
DA:29,2
DA:30,2
DA:31,2
DA:32,24
DA:33,10
DA:34,2
DA:35,5
DA:36,4
DA:43,2
DA:47,1
DA:48,1
DA:49,1
DA:50,1
DA:51,12
DA:53,7
DA:57,1
DA:61,1
DA:62,1
DA:63,1
DA:67,6
DA:68,6
DA:69,6
DA:71,6
LF:35
LH:35
BRDA:19,0,0,13
BRDA:19,0,1,21
BRDA:32,1,0,10
BRDA:32,1,1,14
BRDA:33,2,0,2
BRDA:33,2,1,8
BRDA:35,3,0,4
BRDA:35,3,1,1
BRDA:51,4,0,7
BRDA:51,4,1,5
BRDA:67,5,0,6
BRDA:67,5,1,0
BRF:12
BRH:11
end_of_record
TN:
SF:src/UseCase.ts
FN:50,(anonymous_0)
FN:11,(anonymous_1)
FN:12,(anonymous_2)
FN:15,(anonymous_3)
FN:18,(anonymous_4)
FN:21,(anonymous_5)
FNF:6
FNH:6
FNDA:2,(anonymous_0)
FNDA:1,(anonymous_1)
FNDA:98,(anonymous_2)
FNDA:1,(anonymous_3)
FNDA:98,(anonymous_4)
FNDA:2,(anonymous_5)
DA:2,1
DA:4,1
DA:5,1
DA:7,1
DA:12,98
DA:16,1
DA:18,98
DA:22,2
DA:24,2
DA:37,2
DA:38,2
DA:39,502
DA:40,462
DA:43,2
DA:51,2
LF:15
LH:15
BRDA:39,0,0,462
BRDA:39,0,1,40
BRF:2
BRH:2
end_of_record
